\BOOKMARK [0][-]{chapter.1}{\376\377\000D\000e\000p\000r\000e\000c\000a\000t\000e\000d\000\040\000L\000i\000s\000t}{}% 1
\BOOKMARK [0][-]{chapter.2}{\376\377\000N\000a\000m\000e\000s\000p\000a\000c\000e\000\040\000I\000n\000d\000e\000x}{}% 2
\BOOKMARK [1][-]{section.2.1}{\376\377\000N\000a\000m\000e\000s\000p\000a\000c\000e\000\040\000L\000i\000s\000t}{chapter.2}% 3
\BOOKMARK [0][-]{chapter.3}{\376\377\000C\000l\000a\000s\000s\000\040\000I\000n\000d\000e\000x}{}% 4
\BOOKMARK [1][-]{section.3.1}{\376\377\000C\000l\000a\000s\000s\000\040\000H\000i\000e\000r\000a\000r\000c\000h\000y}{chapter.3}% 5
\BOOKMARK [0][-]{chapter.4}{\376\377\000C\000l\000a\000s\000s\000\040\000I\000n\000d\000e\000x}{}% 6
\BOOKMARK [1][-]{section.4.1}{\376\377\000C\000l\000a\000s\000s\000\040\000L\000i\000s\000t}{chapter.4}% 7
\BOOKMARK [0][-]{chapter.5}{\376\377\000N\000a\000m\000e\000s\000p\000a\000c\000e\000\040\000D\000o\000c\000u\000m\000e\000n\000t\000a\000t\000i\000o\000n}{}% 8
\BOOKMARK [1][-]{section.5.1}{\376\377\000P\000H\000P\000s\000T\000e\000a\000m\000\040\000N\000a\000m\000e\000s\000p\000a\000c\000e\000\040\000R\000e\000f\000e\000r\000e\000n\000c\000e}{chapter.5}% 9
\BOOKMARK [2][-]{subsection.5.1.1}{\376\377\000D\000e\000t\000a\000i\000l\000e\000d\000\040\000D\000e\000s\000c\000r\000i\000p\000t\000i\000o\000n}{section.5.1}% 10
\BOOKMARK [1][-]{section.5.2}{\376\377\000S\000i\000m\000p\000l\000e\000T\000e\000s\000t\000\040\000N\000a\000m\000e\000s\000p\000a\000c\000e\000\040\000R\000e\000f\000e\000r\000e\000n\000c\000e}{chapter.5}% 11
\BOOKMARK [2][-]{subsection.5.2.1}{\376\377\000D\000e\000t\000a\000i\000l\000e\000d\000\040\000D\000e\000s\000c\000r\000i\000p\000t\000i\000o\000n}{section.5.2}% 12
\BOOKMARK [0][-]{chapter.6}{\376\377\000C\000l\000a\000s\000s\000\040\000D\000o\000c\000u\000m\000e\000n\000t\000a\000t\000i\000o\000n}{}% 13
\BOOKMARK [1][-]{section.6.1}{\376\377\000a\000j\000a\000x\000\137\000b\000a\000c\000k\000e\000n\000d\000\040\000C\000l\000a\000s\000s\000\040\000R\000e\000f\000e\000r\000e\000n\000c\000e}{chapter.6}% 14
\BOOKMARK [1][-]{section.6.2}{\376\377\000A\000n\000y\000t\000h\000i\000n\000g\000E\000x\000p\000e\000c\000t\000a\000t\000i\000o\000n\000\040\000C\000l\000a\000s\000s\000\040\000R\000e\000f\000e\000r\000e\000n\000c\000e}{chapter.6}% 15
\BOOKMARK [2][-]{subsection.6.2.1}{\376\377\000M\000e\000m\000b\000e\000r\000\040\000F\000u\000n\000c\000t\000i\000o\000n\000\040\000D\000o\000c\000u\000m\000e\000n\000t\000a\000t\000i\000o\000n}{section.6.2}% 16
\BOOKMARK [3][-]{subsubsection.6.2.1.1}{\376\377\000t\000e\000s\000t}{subsection.6.2.1}% 17
\BOOKMARK [3][-]{subsubsection.6.2.1.2}{\376\377\000t\000e\000s\000t\000M\000e\000s\000s\000a\000g\000e}{subsection.6.2.1}% 18
\BOOKMARK [1][-]{section.6.3}{\376\377\000D\000e\000f\000a\000u\000l\000t\000R\000e\000p\000o\000r\000t\000e\000r\000\040\000C\000l\000a\000s\000s\000\040\000R\000e\000f\000e\000r\000e\000n\000c\000e}{chapter.6}% 19
\BOOKMARK [2][-]{subsection.6.3.1}{\376\377\000M\000e\000m\000b\000e\000r\000\040\000F\000u\000n\000c\000t\000i\000o\000n\000\040\000D\000o\000c\000u\000m\000e\000n\000t\000a\000t\000i\000o\000n}{section.6.3}% 20
\BOOKMARK [3][-]{subsubsection.6.3.1.1}{\376\377\000D\000e\000f\000a\000u\000l\000t\000R\000e\000p\000o\000r\000t\000e\000r}{subsection.6.3.1}% 21
\BOOKMARK [1][-]{section.6.4}{\376\377\000D\000e\000t\000a\000c\000h\000e\000d\000T\000e\000s\000t\000C\000a\000s\000e\000\040\000C\000l\000a\000s\000s\000\040\000R\000e\000f\000e\000r\000e\000n\000c\000e}{chapter.6}% 22
\BOOKMARK [2][-]{subsection.6.4.1}{\376\377\000M\000e\000m\000b\000e\000r\000\040\000F\000u\000n\000c\000t\000i\000o\000n\000\040\000D\000o\000c\000u\000m\000e\000n\000t\000a\000t\000i\000o\000n}{section.6.4}% 23
\BOOKMARK [3][-]{subsubsection.6.4.1.1}{\376\377\000\137\000c\000r\000e\000a\000t\000e\000P\000a\000r\000s\000e\000r}{subsection.6.4.1}% 24
\BOOKMARK [3][-]{subsubsection.6.4.1.2}{\376\377\000D\000e\000t\000a\000c\000h\000e\000d\000T\000e\000s\000t\000C\000a\000s\000e}{subsection.6.4.1}% 25
\BOOKMARK [3][-]{subsubsection.6.4.1.3}{\376\377\000g\000e\000t\000L\000a\000b\000e\000l}{subsection.6.4.1}% 26
\BOOKMARK [3][-]{subsubsection.6.4.1.4}{\376\377\000g\000e\000t\000S\000i\000z\000e}{subsection.6.4.1}% 27
\BOOKMARK [3][-]{subsubsection.6.4.1.5}{\376\377\000r\000u\000n}{subsection.6.4.1}% 28
\BOOKMARK [1][-]{section.6.5}{\376\377\000E\000c\000l\000i\000p\000s\000e\000I\000n\000v\000o\000k\000e\000r\000\040\000C\000l\000a\000s\000s\000\040\000R\000e\000f\000e\000r\000e\000n\000c\000e}{chapter.6}% 29
\BOOKMARK [2][-]{subsection.6.5.1}{\376\377\000M\000e\000m\000b\000e\000r\000\040\000F\000u\000n\000c\000t\000i\000o\000n\000\040\000D\000o\000c\000u\000m\000e\000n\000t\000a\000t\000i\000o\000n}{section.6.5}% 30
\BOOKMARK [3][-]{subsubsection.6.5.1.1}{\376\377\000a\000f\000t\000e\000r}{subsection.6.5.1}% 31
\BOOKMARK [3][-]{subsubsection.6.5.1.2}{\376\377\000b\000e\000f\000o\000r\000e}{subsection.6.5.1}% 32
\BOOKMARK [1][-]{section.6.6}{\376\377\000E\000c\000l\000i\000p\000s\000e\000R\000e\000p\000o\000r\000t\000e\000r\000\040\000C\000l\000a\000s\000s\000\040\000R\000e\000f\000e\000r\000e\000n\000c\000e}{chapter.6}% 33
\BOOKMARK [2][-]{subsection.6.6.1}{\376\377\000M\000e\000m\000b\000e\000r\000\040\000F\000u\000n\000c\000t\000i\000o\000n\000\040\000D\000o\000c\000u\000m\000e\000n\000t\000a\000t\000i\000o\000n}{section.6.6}% 34
\BOOKMARK [3][-]{subsubsection.6.6.1.1}{\376\377\000c\000r\000e\000a\000t\000e\000I\000n\000v\000o\000k\000e\000r}{subsection.6.6.1}% 35
\BOOKMARK [3][-]{subsubsection.6.6.1.2}{\376\377\000c\000r\000e\000a\000t\000e\000L\000i\000s\000t\000e\000n\000e\000r}{subsection.6.6.1}% 36
\BOOKMARK [3][-]{subsubsection.6.6.1.3}{\376\377\000E\000c\000l\000i\000p\000s\000e\000R\000e\000p\000o\000r\000t\000e\000r}{subsection.6.6.1}% 37
\BOOKMARK [3][-]{subsubsection.6.6.1.4}{\376\377\000e\000s\000c\000a\000p\000e\000V\000a\000l}{subsection.6.6.1}% 38
\BOOKMARK [3][-]{subsubsection.6.6.1.5}{\376\377\000g\000e\000t\000D\000u\000m\000p\000e\000r}{subsection.6.6.1}% 39
\BOOKMARK [3][-]{subsubsection.6.6.1.6}{\376\377\000p\000a\000i\000n\000t\000C\000a\000s\000e\000E\000n\000d}{subsection.6.6.1}% 40
\BOOKMARK [3][-]{subsubsection.6.6.1.7}{\376\377\000p\000a\000i\000n\000t\000C\000a\000s\000e\000S\000t\000a\000r\000t}{subsection.6.6.1}% 41
\BOOKMARK [3][-]{subsubsection.6.6.1.8}{\376\377\000p\000a\000i\000n\000t\000E\000r\000r\000o\000r}{subsection.6.6.1}% 42
\BOOKMARK [3][-]{subsubsection.6.6.1.9}{\376\377\000p\000a\000i\000n\000t\000E\000x\000c\000e\000p\000t\000i\000o\000n}{subsection.6.6.1}% 43
\BOOKMARK [3][-]{subsubsection.6.6.1.10}{\376\377\000p\000a\000i\000n\000t\000F\000a\000i\000l}{subsection.6.6.1}% 44
\BOOKMARK [3][-]{subsubsection.6.6.1.11}{\376\377\000p\000a\000i\000n\000t\000F\000o\000o\000t\000e\000r}{subsection.6.6.1}% 45
\BOOKMARK [3][-]{subsubsection.6.6.1.12}{\376\377\000p\000a\000i\000n\000t\000G\000r\000o\000u\000p\000E\000n\000d}{subsection.6.6.1}% 46
\BOOKMARK [3][-]{subsubsection.6.6.1.13}{\376\377\000p\000a\000i\000n\000t\000G\000r\000o\000u\000p\000S\000t\000a\000r\000t}{subsection.6.6.1}% 47
\BOOKMARK [3][-]{subsubsection.6.6.1.14}{\376\377\000p\000a\000i\000n\000t\000H\000e\000a\000d\000e\000r}{subsection.6.6.1}% 48
\BOOKMARK [3][-]{subsubsection.6.6.1.15}{\376\377\000p\000a\000i\000n\000t\000M\000e\000t\000h\000o\000d\000E\000n\000d}{subsection.6.6.1}% 49
\BOOKMARK [3][-]{subsubsection.6.6.1.16}{\376\377\000p\000a\000i\000n\000t\000M\000e\000t\000h\000o\000d\000S\000t\000a\000r\000t}{subsection.6.6.1}% 50
\BOOKMARK [3][-]{subsubsection.6.6.1.17}{\376\377\000p\000a\000i\000n\000t\000P\000a\000s\000s}{subsection.6.6.1}% 51
\BOOKMARK [1][-]{section.6.7}{\376\377\000E\000q\000u\000a\000l\000E\000x\000p\000e\000c\000t\000a\000t\000i\000o\000n\000\040\000C\000l\000a\000s\000s\000\040\000R\000e\000f\000e\000r\000e\000n\000c\000e}{chapter.6}% 52
\BOOKMARK [2][-]{subsection.6.7.1}{\376\377\000M\000e\000m\000b\000e\000r\000\040\000F\000u\000n\000c\000t\000i\000o\000n\000\040\000D\000o\000c\000u\000m\000e\000n\000t\000a\000t\000i\000o\000n}{section.6.7}% 53
\BOOKMARK [3][-]{subsubsection.6.7.1.1}{\376\377\000\137\000g\000e\000t\000V\000a\000l\000u\000e}{subsection.6.7.1}% 54
\BOOKMARK [3][-]{subsubsection.6.7.1.2}{\376\377\000E\000q\000u\000a\000l\000E\000x\000p\000e\000c\000t\000a\000t\000i\000o\000n}{subsection.6.7.1}% 55
\BOOKMARK [3][-]{subsubsection.6.7.1.3}{\376\377\000t\000e\000s\000t}{subsection.6.7.1}% 56
\BOOKMARK [3][-]{subsubsection.6.7.1.4}{\376\377\000t\000e\000s\000t\000M\000e\000s\000s\000a\000g\000e}{subsection.6.7.1}% 57
\BOOKMARK [1][-]{section.6.8}{\376\377\000E\000x\000c\000e\000p\000t\000i\000o\000n\000E\000x\000p\000e\000c\000t\000a\000t\000i\000o\000n\000\040\000C\000l\000a\000s\000s\000\040\000R\000e\000f\000e\000r\000e\000n\000c\000e}{chapter.6}% 58
\BOOKMARK [2][-]{subsection.6.8.1}{\376\377\000C\000o\000n\000s\000t\000r\000u\000c\000t\000o\000r\000\040\000\046\000\040\000D\000e\000s\000t\000r\000u\000c\000t\000o\000r\000\040\000D\000o\000c\000u\000m\000e\000n\000t\000a\000t\000i\000o\000n}{section.6.8}% 59
\BOOKMARK [3][-]{subsubsection.6.8.1.1}{\376\377\000\137\000\137\000c\000o\000n\000s\000t\000r\000u\000c\000t}{subsection.6.8.1}% 60
\BOOKMARK [2][-]{subsection.6.8.2}{\376\377\000M\000e\000m\000b\000e\000r\000\040\000F\000u\000n\000c\000t\000i\000o\000n\000\040\000D\000o\000c\000u\000m\000e\000n\000t\000a\000t\000i\000o\000n}{section.6.8}% 61
\BOOKMARK [3][-]{subsubsection.6.8.2.1}{\376\377\000d\000e\000s\000c\000r\000i\000b\000e\000E\000x\000c\000e\000p\000t\000i\000o\000n}{subsection.6.8.2}% 62
\BOOKMARK [3][-]{subsubsection.6.8.2.2}{\376\377\000t\000e\000s\000t}{subsection.6.8.2}% 63
\BOOKMARK [3][-]{subsubsection.6.8.2.3}{\376\377\000t\000e\000s\000t\000M\000e\000s\000s\000a\000g\000e}{subsection.6.8.2}% 64
\BOOKMARK [1][-]{section.6.9}{\376\377\000E\000x\000t\000e\000n\000s\000i\000o\000n\000\040\000C\000l\000a\000s\000s\000\040\000R\000e\000f\000e\000r\000e\000n\000c\000e}{chapter.6}% 65
\BOOKMARK [1][-]{section.6.10}{\376\377\000e\000x\000t\000e\000n\000s\000i\000o\000n\000m\000a\000n\000a\000g\000e\000r\000\040\000C\000l\000a\000s\000s\000\040\000R\000e\000f\000e\000r\000e\000n\000c\000e}{chapter.6}% 66
\BOOKMARK [2][-]{subsection.6.10.1}{\376\377\000M\000e\000m\000b\000e\000r\000\040\000F\000u\000n\000c\000t\000i\000o\000n\000\040\000D\000o\000c\000u\000m\000e\000n\000t\000a\000t\000i\000o\000n}{section.6.10}% 67
\BOOKMARK [3][-]{subsubsection.6.10.1.1}{\376\377\000d\000i\000s\000a\000b\000l\000e\000\137\000e\000x\000t\000e\000n\000s\000i\000o\000n}{subsection.6.10.1}% 68
\BOOKMARK [3][-]{subsubsection.6.10.1.2}{\376\377\000e\000n\000a\000b\000l\000e\000\137\000e\000x\000t\000e\000n\000s\000i\000o\000n}{subsection.6.10.1}% 69
\BOOKMARK [3][-]{subsubsection.6.10.1.3}{\376\377\000g\000e\000t\000\137\000d\000e\000p\000e\000n\000d\000e\000n\000t\000\137\000e\000x\000t\000e\000n\000s\000i\000o\000n\000s}{subsection.6.10.1}% 70
\BOOKMARK [3][-]{subsubsection.6.10.1.4}{\376\377\000g\000e\000t\000\137\000e\000n\000a\000b\000l\000e\000d\000\137\000e\000x\000t\000e\000n\000s\000i\000o\000n\000s}{subsection.6.10.1}% 71
\BOOKMARK [3][-]{subsubsection.6.10.1.5}{\376\377\000g\000e\000t\000\137\000e\000x\000t\000e\000n\000s\000i\000o\000n\000\137\000b\000y\000\137\000o\000b\000j\000\137\000t\000y\000p\000e}{subsection.6.10.1}% 72
\BOOKMARK [3][-]{subsubsection.6.10.1.6}{\376\377\000g\000e\000t\000\137\000e\000x\000t\000e\000n\000s\000i\000o\000n\000m\000a\000n\000a\000g\000e\000r}{subsection.6.10.1}% 73
\BOOKMARK [3][-]{subsubsection.6.10.1.7}{\376\377\000g\000e\000t\000\137\000e\000x\000t\000e\000n\000s\000i\000o\000n\000s\000\137\000b\000y\000\137\000o\000b\000j\000\137\000t\000y\000p\000e}{subsection.6.10.1}% 74
\BOOKMARK [3][-]{subsubsection.6.10.1.8}{\376\377\000g\000e\000t\000\137\000e\000x\000t\000e\000n\000s\000i\000o\000n\000s\000\137\000b\000y\000\137\000p\000a\000t\000h}{subsection.6.10.1}% 75
\BOOKMARK [3][-]{subsubsection.6.10.1.9}{\376\377\000h\000a\000n\000d\000l\000e\000\137\000p\000a\000t\000h}{subsection.6.10.1}% 76
\BOOKMARK [3][-]{subsubsection.6.10.1.10}{\376\377\000i\000n\000i\000t}{subsection.6.10.1}% 77
\BOOKMARK [1][-]{section.6.11}{\376\377\000E\000x\000t\000e\000n\000s\000i\000o\000n\000M\000a\000s\000t\000e\000r\000\040\000C\000l\000a\000s\000s\000\040\000R\000e\000f\000e\000r\000e\000n\000c\000e}{chapter.6}% 78
\BOOKMARK [1][-]{section.6.12}{\376\377\000F\000a\000i\000l\000e\000d\000E\000x\000p\000e\000c\000t\000a\000t\000i\000o\000n\000\040\000C\000l\000a\000s\000s\000\040\000R\000e\000f\000e\000r\000e\000n\000c\000e}{chapter.6}% 79
\BOOKMARK [2][-]{subsection.6.12.1}{\376\377\000M\000e\000m\000b\000e\000r\000\040\000F\000u\000n\000c\000t\000i\000o\000n\000\040\000D\000o\000c\000u\000m\000e\000n\000t\000a\000t\000i\000o\000n}{section.6.12}% 80
\BOOKMARK [3][-]{subsubsection.6.12.1.1}{\376\377\000t\000e\000s\000t}{subsection.6.12.1}% 81
\BOOKMARK [3][-]{subsubsection.6.12.1.2}{\376\377\000t\000e\000s\000t\000M\000e\000s\000s\000a\000g\000e}{subsection.6.12.1}% 82
\BOOKMARK [1][-]{section.6.13}{\376\377\000F\000a\000l\000s\000e\000E\000x\000p\000e\000c\000t\000a\000t\000i\000o\000n\000\040\000C\000l\000a\000s\000s\000\040\000R\000e\000f\000e\000r\000e\000n\000c\000e}{chapter.6}% 83
\BOOKMARK [2][-]{subsection.6.13.1}{\376\377\000M\000e\000m\000b\000e\000r\000\040\000F\000u\000n\000c\000t\000i\000o\000n\000\040\000D\000o\000c\000u\000m\000e\000n\000t\000a\000t\000i\000o\000n}{section.6.13}% 84
\BOOKMARK [3][-]{subsubsection.6.13.1.1}{\376\377\000t\000e\000s\000t}{subsection.6.13.1}% 85
\BOOKMARK [3][-]{subsubsection.6.13.1.2}{\376\377\000t\000e\000s\000t\000M\000e\000s\000s\000a\000g\000e}{subsection.6.13.1}% 86
\BOOKMARK [1][-]{section.6.14}{\376\377\000F\000i\000e\000l\000d\000E\000x\000p\000e\000c\000t\000a\000t\000i\000o\000n\000\040\000C\000l\000a\000s\000s\000\040\000R\000e\000f\000e\000r\000e\000n\000c\000e}{chapter.6}% 87
\BOOKMARK [2][-]{subsection.6.14.1}{\376\377\000M\000e\000m\000b\000e\000r\000\040\000F\000u\000n\000c\000t\000i\000o\000n\000\040\000D\000o\000c\000u\000m\000e\000n\000t\000a\000t\000i\000o\000n}{section.6.14}% 88
\BOOKMARK [3][-]{subsubsection.6.14.1.1}{\376\377\000\137\000i\000s\000S\000i\000n\000g\000l\000e}{subsection.6.14.1}% 89
\BOOKMARK [3][-]{subsubsection.6.14.1.2}{\376\377\000\137\000t\000e\000s\000t\000M\000u\000l\000t\000i\000p\000l\000e}{subsection.6.14.1}% 90
\BOOKMARK [3][-]{subsubsection.6.14.1.3}{\376\377\000\137\000t\000e\000s\000t\000S\000i\000n\000g\000l\000e}{subsection.6.14.1}% 91
\BOOKMARK [3][-]{subsubsection.6.14.1.4}{\376\377\000F\000i\000e\000l\000d\000E\000x\000p\000e\000c\000t\000a\000t\000i\000o\000n}{subsection.6.14.1}% 92
\BOOKMARK [3][-]{subsubsection.6.14.1.5}{\376\377\000t\000e\000s\000t}{subsection.6.14.1}% 93
\BOOKMARK [3][-]{subsubsection.6.14.1.6}{\376\377\000t\000e\000s\000t\000M\000e\000s\000s\000a\000g\000e}{subsection.6.14.1}% 94
\BOOKMARK [1][-]{section.6.15}{\376\377\000h\000i\000s\000l\000s\000f\000\137\000s\000o\000a\000p\000\040\000C\000l\000a\000s\000s\000\040\000R\000e\000f\000e\000r\000e\000n\000c\000e}{chapter.6}% 95
\BOOKMARK [1][-]{section.6.16}{\376\377\000H\000o\000m\000e\000E\000x\000t\000e\000n\000s\000i\000o\000n\000\040\000C\000l\000a\000s\000s\000\040\000R\000e\000f\000e\000r\000e\000n\000c\000e}{chapter.6}% 96
\BOOKMARK [1][-]{section.6.17}{\376\377\000H\000t\000m\000l\000R\000e\000p\000o\000r\000t\000e\000r\000\040\000C\000l\000a\000s\000s\000\040\000R\000e\000f\000e\000r\000e\000n\000c\000e}{chapter.6}% 97
\BOOKMARK [2][-]{subsection.6.17.1}{\376\377\000M\000e\000m\000b\000e\000r\000\040\000F\000u\000n\000c\000t\000i\000o\000n\000\040\000D\000o\000c\000u\000m\000e\000n\000t\000a\000t\000i\000o\000n}{section.6.17}% 98
\BOOKMARK [3][-]{subsubsection.6.17.1.1}{\376\377\000\137\000g\000e\000t\000C\000s\000s}{subsection.6.17.1}% 99
\BOOKMARK [3][-]{subsubsection.6.17.1.2}{\376\377\000\137\000h\000t\000m\000l\000E\000n\000t\000i\000t\000i\000e\000s}{subsection.6.17.1}% 100
\BOOKMARK [3][-]{subsubsection.6.17.1.3}{\376\377\000H\000t\000m\000l\000R\000e\000p\000o\000r\000t\000e\000r}{subsection.6.17.1}% 101
\BOOKMARK [3][-]{subsubsection.6.17.1.4}{\376\377\000p\000a\000i\000n\000t\000E\000r\000r\000o\000r}{subsection.6.17.1}% 102
\BOOKMARK [3][-]{subsubsection.6.17.1.5}{\376\377\000p\000a\000i\000n\000t\000E\000x\000c\000e\000p\000t\000i\000o\000n}{subsection.6.17.1}% 103
\BOOKMARK [3][-]{subsubsection.6.17.1.6}{\376\377\000p\000a\000i\000n\000t\000F\000a\000i\000l}{subsection.6.17.1}% 104
\BOOKMARK [3][-]{subsubsection.6.17.1.7}{\376\377\000p\000a\000i\000n\000t\000F\000o\000o\000t\000e\000r}{subsection.6.17.1}% 105
\BOOKMARK [3][-]{subsubsection.6.17.1.8}{\376\377\000p\000a\000i\000n\000t\000F\000o\000r\000m\000a\000t\000t\000e\000d\000M\000e\000s\000s\000a\000g\000e}{subsection.6.17.1}% 106
\BOOKMARK [3][-]{subsubsection.6.17.1.9}{\376\377\000p\000a\000i\000n\000t\000H\000e\000a\000d\000e\000r}{subsection.6.17.1}% 107
\BOOKMARK [3][-]{subsubsection.6.17.1.10}{\376\377\000p\000a\000i\000n\000t\000S\000k\000i\000p}{subsection.6.17.1}% 108
\BOOKMARK [3][-]{subsubsection.6.17.1.11}{\376\377\000s\000e\000n\000d\000N\000o\000C\000a\000c\000h\000e\000H\000e\000a\000d\000e\000r\000s}{subsection.6.17.1}% 109
\BOOKMARK [1][-]{section.6.18}{\376\377\000H\000t\000t\000p\000H\000e\000a\000d\000e\000r\000E\000x\000p\000e\000c\000t\000a\000t\000i\000o\000n\000\040\000C\000l\000a\000s\000s\000\040\000R\000e\000f\000e\000r\000e\000n\000c\000e}{chapter.6}% 110
\BOOKMARK [2][-]{subsection.6.18.1}{\376\377\000M\000e\000m\000b\000e\000r\000\040\000F\000u\000n\000c\000t\000i\000o\000n\000\040\000D\000o\000c\000u\000m\000e\000n\000t\000a\000t\000i\000o\000n}{section.6.18}% 111
\BOOKMARK [3][-]{subsubsection.6.18.1.1}{\376\377\000\137\000f\000i\000n\000d\000H\000e\000a\000d\000e\000r}{subsection.6.18.1}% 112
\BOOKMARK [3][-]{subsubsection.6.18.1.2}{\376\377\000\137\000g\000e\000t\000E\000x\000p\000e\000c\000t\000a\000t\000i\000o\000n}{subsection.6.18.1}% 113
\BOOKMARK [3][-]{subsubsection.6.18.1.3}{\376\377\000\137\000n\000o\000r\000m\000a\000l\000i\000s\000e\000H\000e\000a\000d\000e\000r}{subsection.6.18.1}% 114
\BOOKMARK [3][-]{subsubsection.6.18.1.4}{\376\377\000\137\000t\000e\000s\000t\000H\000e\000a\000d\000e\000r\000L\000i\000n\000e}{subsection.6.18.1}% 115
\BOOKMARK [3][-]{subsubsection.6.18.1.5}{\376\377\000\137\000t\000e\000s\000t\000H\000e\000a\000d\000e\000r\000V\000a\000l\000u\000e}{subsection.6.18.1}% 116
